This file contains any messages produced by compilers while
running configure, to aid debugging if configure makes a mistake.

It was created by crosstool-NG configure 1.27.0.18_7458341, which was
generated by GNU Autoconf 2.71.  Invocation command line was

  $ ./configure --enable-local

## --------- ##
## Platform. ##
## --------- ##

hostname = ca0a4a64d54e
uname -m = x86_64
uname -r = 6.8.0-1021-azure
uname -s = Linux
uname -v = #25-Ubuntu SMP Wed Jan 15 20:45:09 UTC 2025

/usr/bin/uname -p = unknown
/bin/uname -X     = unknown

/bin/arch              = x86_64
/usr/bin/arch -k       = unknown
/usr/convex/getsysinfo = unknown
/usr/bin/hostinfo      = unknown
/bin/machine           = unknown
/usr/bin/oslevel       = unknown
/bin/universe          = unknown

PATH: /usr/local/sbin/
PATH: /usr/local/bin/
PATH: /usr/sbin/
PATH: /usr/bin/
PATH: /sbin/
PATH: /bin/


## ----------- ##
## Core tests. ##
## ----------- ##

configure:2877: looking for aux files: config.rpath compile config.guess config.sub missing install-sh
configure:2890:  trying ./scripts/
configure:2919:   ./scripts/config.rpath found
configure:2919:   ./scripts/compile found
configure:2919:   ./scripts/config.guess found
configure:2919:   ./scripts/config.sub found
configure:2919:   ./scripts/missing found
configure:2901:   ./scripts/install-sh found
configure:3056: checking for a BSD-compatible install
configure:3129: result: /usr/bin/install -c
configure:3140: checking whether build environment is sane
configure:3195: result: yes
configure:3354: checking for a race-free mkdir -p
configure:3398: result: /usr/bin/mkdir -p
configure:3405: checking for gawk
configure:3426: found /usr/bin/gawk
configure:3437: result: gawk
configure:3448: checking whether make sets $(MAKE)
configure:3471: result: yes
configure:3501: checking whether make supports nested variables
configure:3519: result: yes
configure:3594: checking how to create a pax tar archive
configure:3605: tar --version
tar (GNU tar) 1.34
Copyright (C) 2021 Free Software Foundation, Inc.
License GPLv3+: GNU GPL version 3 or later <https://gnu.org/licenses/gpl.html>.
This is free software: you are free to change and redistribute it.
There is NO WARRANTY, to the extent permitted by law.

Written by John Gilmore and Jay Fenlason.
configure:3608: $? = 0
configure:3648: tardir=conftest.dir && eval tar --format=posix -chf - "$tardir" >conftest.tar
configure:3651: $? = 0
configure:3655: tar -xf - <conftest.tar
configure:3658: $? = 0
configure:3660: cat conftest.dir/file
GrepMe
configure:3663: $? = 0
configure:3677: result: gnutar
configure:3753: checking whether make supports nested variables
configure:3771: result: yes
configure:3785: checking whether to enable maintainer-specific portions of Makefiles
configure:3795: result: yes
configure:3865: checking build system type
configure:3880: result: x86_64-pc-linux-gnu
configure:3900: checking host system type
configure:3914: result: x86_64-pc-linux-gnu
configure:3944: checking whether ln -s works
configure:3948: result: yes
configure:3966: checking whether install takes --strip-program option
configure:3984: result: yes
configure:4077: checking for ggrep
configure:4112: result: no
configure:4077: checking for grep
configure:4098: found /usr/bin/grep
configure:4109: result: grep
configure:4142: must determine absolute path for '$GREP':
| grep
configure:4162: checking for absolute path to grep
configure:4165: result: /usr/bin/grep
configure:4225: checking for gegrep
configure:4260: result: no
configure:4225: checking for egrep
configure:4246: found /usr/bin/egrep
configure:4257: result: egrep
configure:4290: must determine absolute path for '$EGREP':
| egrep
configure:4310: checking for absolute path to egrep
configure:4313: result: /usr/bin/egrep
configure:4318: checking for grep that handles long lines and -e
configure:4382: result: /usr/bin/grep
configure:4387: checking for egrep
configure:4455: result: /usr/bin/grep -E
configure:4560: checking for sed
configure:4587: checking SED at:
| /usr/bin/sed
configure:4602: looking for 'GNU sed[^0-9]* [4-9]\.' regexp in
configure:4607: version info:
| /usr/bin/sed (GNU sed) 4.9
| Packaged by Debian
| Copyright (C) 2022 Free Software Foundation, Inc.
| License GPLv3+: GNU GPL version 3 or later <https://gnu.org/licenses/gpl.html>.
| This is free software: you are free to change and redistribute it.
| There is NO WARRANTY, to the extent permitted by law.
| 
| Written by Jay Fenlason, Tom Lord, Ken Pizzini,
| Paolo Bonzini, Jim Meyering, and Assaf Gordon.
| 
| This sed program was built with SELinux support.
| SELinux is disabled on this system.
| 
| GNU sed home page: <https://www.gnu.org/software/sed/>.
| General help using GNU software: <https://www.gnu.org/gethelp/>.
| E-mail bug reports to: <bug-sed@gnu.org>.
configure:4637: result: /usr/bin/sed
configure:4640: checking for GNU sed >= 4.0
configure:4644: result: yes
configure:4744: checking for gcc
configure:4765: found /usr/bin/gcc
configure:4776: result: gcc
configure:5129: checking for C compiler version
configure:5138: gcc --version >&5
gcc (Debian 12.2.0-14) 12.2.0
Copyright (C) 2022 Free Software Foundation, Inc.
This is free software; see the source for copying conditions.  There is NO
warranty; not even for MERCHANTABILITY or FITNESS FOR A PARTICULAR PURPOSE.

configure:5149: $? = 0
configure:5138: gcc -v >&5
Using built-in specs.
COLLECT_GCC=gcc
COLLECT_LTO_WRAPPER=/usr/lib/gcc/x86_64-linux-gnu/12/lto-wrapper
OFFLOAD_TARGET_NAMES=nvptx-none:amdgcn-amdhsa
OFFLOAD_TARGET_DEFAULT=1
Target: x86_64-linux-gnu
Configured with: ../src/configure -v --with-pkgversion='Debian 12.2.0-14' --with-bugurl=file:///usr/share/doc/gcc-12/README.Bugs --enable-languages=c,ada,c++,go,d,fortran,objc,obj-c++,m2 --prefix=/usr --with-gcc-major-version-only --program-suffix=-12 --program-prefix=x86_64-linux-gnu- --enable-shared --enable-linker-build-id --libexecdir=/usr/lib --without-included-gettext --enable-threads=posix --libdir=/usr/lib --enable-nls --enable-clocale=gnu --enable-libstdcxx-debug --enable-libstdcxx-time=yes --with-default-libstdcxx-abi=new --enable-gnu-unique-object --disable-vtable-verify --enable-plugin --enable-default-pie --with-system-zlib --enable-libphobos-checking=release --with-target-system-zlib=auto --enable-objc-gc=auto --enable-multiarch --disable-werror --enable-cet --with-arch-32=i686 --with-abi=m64 --with-multilib-list=m32,m64,mx32 --enable-multilib --with-tune=generic --enable-offload-targets=nvptx-none=/build/gcc-12-bTRWOB/gcc-12-12.2.0/debian/tmp-nvptx/usr,amdgcn-amdhsa=/build/gcc-12-bTRWOB/gcc-12-12.2.0/debian/tmp-gcn/usr --enable-offload-defaulted --without-cuda-driver --enable-checking=release --build=x86_64-linux-gnu --host=x86_64-linux-gnu --target=x86_64-linux-gnu
Thread model: posix
Supported LTO compression algorithms: zlib zstd
gcc version 12.2.0 (Debian 12.2.0-14) 
... rest of stderr output deleted ...
configure:5149: $? = 0
configure:5138: gcc -V >&5
gcc: error: unrecognized command-line option '-V'
gcc: fatal error: no input files
compilation terminated.
configure:5149: $? = 1
configure:5138: gcc -qversion >&5
gcc: error: unrecognized command-line option '-qversion'; did you mean '--version'?
gcc: fatal error: no input files
compilation terminated.
configure:5149: $? = 1
configure:5138: gcc -version >&5
gcc: error: unrecognized command-line option '-version'
gcc: fatal error: no input files
compilation terminated.
configure:5149: $? = 1
configure:5169: checking whether the C compiler works
configure:5191: gcc    conftest.c  >&5
configure:5195: $? = 0
configure:5245: result: yes
configure:5248: checking for C compiler default output file name
configure:5250: result: a.out
configure:5256: checking for suffix of executables
configure:5263: gcc -o conftest    conftest.c  >&5
configure:5267: $? = 0
configure:5290: result: 
configure:5312: checking whether we are cross compiling
configure:5320: gcc -o conftest    conftest.c  >&5
configure:5324: $? = 0
configure:5331: ./conftest
configure:5335: $? = 0
configure:5350: result: no
configure:5355: checking for suffix of object files
configure:5378: gcc -c   conftest.c >&5
configure:5382: $? = 0
configure:5404: result: o
configure:5408: checking whether the compiler supports GNU C
configure:5428: gcc -c   conftest.c >&5
configure:5428: $? = 0
configure:5438: result: yes
configure:5449: checking whether gcc accepts -g
configure:5470: gcc -c -g  conftest.c >&5
configure:5470: $? = 0
configure:5514: result: yes
configure:5534: checking for gcc option to enable C11 features
configure:5549: gcc  -c -g -O2  conftest.c >&5
configure:5549: $? = 0
configure:5567: result: none needed
configure:5683: checking whether gcc understands -c and -o together
configure:5706: gcc -c conftest.c -o conftest2.o
configure:5709: $? = 0
configure:5706: gcc -c conftest.c -o conftest2.o
configure:5709: $? = 0
configure:5721: result: yes
configure:5741: checking whether make supports the include directive
configure:5756: make -f confmf.GNU && cat confinc.out
this is the am__doit target
configure:5759: $? = 0
configure:5778: result: yes (GNU style)
configure:5804: checking dependency style of gcc
configure:5916: result: gcc3
configure:6002: checking for g++
configure:6023: found /usr/bin/g++
configure:6034: result: g++
configure:6061: checking for C++ compiler version
configure:6070: g++ --version >&5
g++ (Debian 12.2.0-14) 12.2.0
Copyright (C) 2022 Free Software Foundation, Inc.
This is free software; see the source for copying conditions.  There is NO
warranty; not even for MERCHANTABILITY or FITNESS FOR A PARTICULAR PURPOSE.

configure:6081: $? = 0
configure:6070: g++ -v >&5
Using built-in specs.
COLLECT_GCC=g++
COLLECT_LTO_WRAPPER=/usr/lib/gcc/x86_64-linux-gnu/12/lto-wrapper
OFFLOAD_TARGET_NAMES=nvptx-none:amdgcn-amdhsa
OFFLOAD_TARGET_DEFAULT=1
Target: x86_64-linux-gnu
Configured with: ../src/configure -v --with-pkgversion='Debian 12.2.0-14' --with-bugurl=file:///usr/share/doc/gcc-12/README.Bugs --enable-languages=c,ada,c++,go,d,fortran,objc,obj-c++,m2 --prefix=/usr --with-gcc-major-version-only --program-suffix=-12 --program-prefix=x86_64-linux-gnu- --enable-shared --enable-linker-build-id --libexecdir=/usr/lib --without-included-gettext --enable-threads=posix --libdir=/usr/lib --enable-nls --enable-clocale=gnu --enable-libstdcxx-debug --enable-libstdcxx-time=yes --with-default-libstdcxx-abi=new --enable-gnu-unique-object --disable-vtable-verify --enable-plugin --enable-default-pie --with-system-zlib --enable-libphobos-checking=release --with-target-system-zlib=auto --enable-objc-gc=auto --enable-multiarch --disable-werror --enable-cet --with-arch-32=i686 --with-abi=m64 --with-multilib-list=m32,m64,mx32 --enable-multilib --with-tune=generic --enable-offload-targets=nvptx-none=/build/gcc-12-bTRWOB/gcc-12-12.2.0/debian/tmp-nvptx/usr,amdgcn-amdhsa=/build/gcc-12-bTRWOB/gcc-12-12.2.0/debian/tmp-gcn/usr --enable-offload-defaulted --without-cuda-driver --enable-checking=release --build=x86_64-linux-gnu --host=x86_64-linux-gnu --target=x86_64-linux-gnu
Thread model: posix
Supported LTO compression algorithms: zlib zstd
gcc version 12.2.0 (Debian 12.2.0-14) 
... rest of stderr output deleted ...
configure:6081: $? = 0
configure:6070: g++ -V >&5
g++: error: unrecognized command-line option '-V'
g++: fatal error: no input files
compilation terminated.
configure:6081: $? = 1
configure:6070: g++ -qversion >&5
g++: error: unrecognized command-line option '-qversion'; did you mean '--version'?
g++: fatal error: no input files
compilation terminated.
configure:6081: $? = 1
configure:6085: checking whether the compiler supports GNU C++
configure:6105: g++ -c   conftest.cpp >&5
configure:6105: $? = 0
configure:6115: result: yes
configure:6126: checking whether g++ accepts -g
configure:6147: g++ -c -g  conftest.cpp >&5
configure:6147: $? = 0
configure:6191: result: yes
configure:6211: checking for g++ option to enable C++11 features
configure:6226: g++  -c -g -O2  conftest.cpp >&5
conftest.cpp: In function 'int main(int, char**)':
conftest.cpp:177:25: warning: empty parentheses were disambiguated as a function declaration [-Wvexing-parse]
  177 |   cxx11test::delegate d2();
      |                         ^~
conftest.cpp:177:25: note: remove parentheses to default-initialize a variable
  177 |   cxx11test::delegate d2();
      |                         ^~
      |                         --
conftest.cpp:177:25: note: or replace parentheses with braces to value-initialize a variable
configure:6226: $? = 0
configure:6244: result: none needed
configure:6310: checking dependency style of g++
configure:6422: result: gcc3
configure:6442: checking how to run the C preprocessor
configure:6468: gcc -E  conftest.c
configure:6468: $? = 0
configure:6483: gcc -E  conftest.c
conftest.c:11:10: fatal error: ac_nonexistent.h: No such file or directory
   11 | #include <ac_nonexistent.h>
      |          ^~~~~~~~~~~~~~~~~~
compilation terminated.
configure:6483: $? = 1
configure: failed program was:
| /* confdefs.h */
| #define PACKAGE_NAME "crosstool-NG"
| #define PACKAGE_TARNAME "crosstool-ng"
| #define PACKAGE_VERSION "1.27.0.18_7458341"
| #define PACKAGE_STRING "crosstool-NG 1.27.0.18_7458341"
| #define PACKAGE_BUGREPORT "crossgcc@sourceware.org"
| #define PACKAGE_URL "http://crosstool-ng.org"
| #define PACKAGE "crosstool-ng"
| #define VERSION "1.27.0.18_7458341"
| /* end confdefs.h.  */
| #include <ac_nonexistent.h>
configure:6510: result: gcc -E
configure:6524: gcc -E  conftest.c
configure:6524: $? = 0
configure:6539: gcc -E  conftest.c
conftest.c:11:10: fatal error: ac_nonexistent.h: No such file or directory
   11 | #include <ac_nonexistent.h>
      |          ^~~~~~~~~~~~~~~~~~
compilation terminated.
configure:6539: $? = 1
configure: failed program was:
| /* confdefs.h */
| #define PACKAGE_NAME "crosstool-NG"
| #define PACKAGE_TARNAME "crosstool-ng"
| #define PACKAGE_VERSION "1.27.0.18_7458341"
| #define PACKAGE_STRING "crosstool-NG 1.27.0.18_7458341"
| #define PACKAGE_BUGREPORT "crossgcc@sourceware.org"
| #define PACKAGE_URL "http://crosstool-ng.org"
| #define PACKAGE "crosstool-ng"
| #define VERSION "1.27.0.18_7458341"
| /* end confdefs.h.  */
| #include <ac_nonexistent.h>
configure:6574: checking for flex
configure:6595: found /usr/bin/flex
configure:6606: result: flex
configure:6655: checking for lex output file root
configure:6668: flex conftest.l
configure:6672: $? = 0
configure:6680: result: lex.yy
configure:6695: checking for lex library
configure:6720: gcc -o conftest -g -O2   conftest.c  >&5
configure:6720: $? = 0
configure:6733: result: none needed
configure:6753: checking whether yytext is a pointer
configure:6769: gcc -c -g -O2  conftest.c >&5
configure:6769: $? = 0
configure:6776: result: yes
configure:6792: checking for bison
configure:6813: found /usr/bin/bison
configure:6824: result: bison -y
configure:6840: checking if bison is the parser generator
configure:6855: result: yes
configure:6878: checking whether g++ supports C++11 features by default
configure:7179: g++ -c -g -O2  conftest.cpp >&5
configure:7179: $? = 0
configure:7187: result: yes
configure:7890: checking if gcc can static link
configure:7897: result: yes
configure:7963: checking for ranlib
configure:7984: found /usr/bin/ranlib
configure:7995: result: ranlib
configure:8072: checking for gobjcopy
configure:8107: result: no
configure:8072: checking for objcopy
configure:8093: found /usr/bin/objcopy
configure:8104: result: objcopy
configure:8137: must determine absolute path for '$OBJCOPY':
| objcopy
configure:8157: checking for absolute path to objcopy
configure:8160: result: /usr/bin/objcopy
configure:8220: checking for gobjdump
configure:8255: result: no
configure:8220: checking for objdump
configure:8241: found /usr/bin/objdump
configure:8252: result: objdump
configure:8285: must determine absolute path for '$OBJDUMP':
| objdump
configure:8305: checking for absolute path to objdump
configure:8308: result: /usr/bin/objdump
configure:8368: checking for greadelf
configure:8403: result: no
configure:8368: checking for readelf
configure:8389: found /usr/bin/readelf
configure:8400: result: readelf
configure:8433: must determine absolute path for '$READELF':
| readelf
configure:8453: checking for absolute path to readelf
configure:8456: result: /usr/bin/readelf
configure:8466: checking for flex
configure:8487: found /usr/bin/flex
configure:8498: result: flex
configure:8518: checking for makeinfo
configure:8539: found /usr/bin/makeinfo
configure:8550: result: makeinfo
configure:8570: checking for cut
configure:8591: found /usr/bin/cut
configure:8602: result: cut
configure:8622: checking for readlink
configure:8643: found /usr/bin/readlink
configure:8654: result: readlink
configure:8674: checking for tar
configure:8695: found /usr/bin/tar
configure:8706: result: tar
configure:8726: checking for gzip
configure:8747: found /usr/bin/gzip
configure:8758: result: gzip
configure:8778: checking for bzip2
configure:8799: found /usr/bin/bzip2
configure:8810: result: bzip2
configure:8830: checking for xz
configure:8851: found /usr/bin/xz
configure:8862: result: xz
configure:8882: checking for unzip
configure:8903: found /usr/bin/unzip
configure:8914: result: unzip
configure:8934: checking for help2man
configure:8955: found /usr/bin/help2man
configure:8966: result: help2man
configure:8986: checking for file
configure:9007: found /usr/bin/file
configure:9018: result: file
configure:9038: checking for which
configure:9059: found /usr/bin/which
configure:9070: result: which
configure:9099: checking for lzip
configure:9134: result: no
configure:9159: checking for wget
configure:9194: result: no
configure:9217: checking for curl
configure:9238: found /usr/bin/curl
configure:9249: result: curl
configure:9275: checking for meson
configure:9310: result: no
configure:9333: checking for ninja
configure:9368: result: no
configure:9387: checking whether to use getconf or sysctl to count CPUs
configure:9398: result: getconf _NPROCESSORS_ONLN
configure:9459: checking for gpatch
configure:9494: result: no
configure:9459: checking for patch
configure:9480: found /usr/bin/patch
configure:9491: result: patch
configure:9524: must determine absolute path for '$PATCH':
| patch
configure:9544: checking for absolute path to patch
configure:9547: result: /usr/bin/patch
configure:9554: checking whether patch supports --no-backup-if-mismatch
configure:9558: result: yes
configure:9658: checking for bash
configure:9685: checking BASH_SHELL at:
| /usr/bin/bash
configure:9700: looking for '^GNU bash, version (4|5)' regexp in
configure:9705: version info:
| GNU bash, version 5.2.15(1)-release (x86_64-pc-linux-gnu)
| Copyright (C) 2022 Free Software Foundation, Inc.
| License GPLv3+: GNU GPL version 3 or later <http://gnu.org/licenses/gpl.html>
| 
| This is free software; you are free to change and redistribute it.
| There is NO WARRANTY, to the extent permitted by law.
configure:9735: result: /usr/bin/bash
configure:9738: checking for GNU bash >= 4.0
configure:9742: result: yes
configure:9800: must determine absolute path for '$ac_cv_path_AWK':
| gawk
configure:9820: checking for absolute path to gawk
configure:9823: result: /usr/bin/gawk
configure:9840: variable ac_cv_path_AWK is set to:
| /usr/bin/gawk
configure:9847: looking for '^GNU Awk ' regexp in
configure:9852: version info for $ac_cv_path_AWK:
| GNU Awk 5.2.1, API 3.2, PMA Avon 8-g1, (GNU MPFR 4.2.0, GNU MP 6.2.1)
| Copyright (C) 1989, 1991-2022 Free Software Foundation.
| 
| This program is free software; you can redistribute it and/or modify
| it under the terms of the GNU General Public License as published by
| the Free Software Foundation; either version 3 of the License, or
| (at your option) any later version.
| 
| This program is distributed in the hope that it will be useful,
| but WITHOUT ANY WARRANTY; without even the implied warranty of
| MERCHANTABILITY or FITNESS FOR A PARTICULAR PURPOSE.  See the
| GNU General Public License for more details.
| 
| You should have received a copy of the GNU General Public License
| along with this program. If not, see http://www.gnu.org/licenses/.
configure:9949: checking for GNU awk
configure:9953: result: yes
configure:10086: checking for make
configure:10113: checking MAKE at:
| /usr/bin/gmake
configure:10128: looking for '^GNU Make (3\.8[1-9]|3\.9[0-9]|[4-9]\.)' regexp in
configure:10133: version info:
| GNU Make 4.3
| Built for x86_64-pc-linux-gnu
| Copyright (C) 1988-2020 Free Software Foundation, Inc.
| License GPLv3+: GNU GPL version 3 or later <http://gnu.org/licenses/gpl.html>
| This is free software: you are free to change and redistribute it.
| There is NO WARRANTY, to the extent permitted by law.
configure:10163: result: /usr/bin/gmake
configure:10166: checking for GNU make >= 3.81
configure:10170: result: yes
configure:10227: must determine absolute path for '$ac_cv_path_MAKE':
| /usr/bin/gmake
configure:10267: variable ac_cv_path_MAKE is set to:
| /usr/bin/gmake
configure:10274: looking for '^GNU Make [4-9]\.' regexp in
configure:10279: version info for $ac_cv_path_MAKE:
| GNU Make 4.3
| Built for x86_64-pc-linux-gnu
| Copyright (C) 1988-2020 Free Software Foundation, Inc.
| License GPLv3+: GNU GPL version 3 or later <http://gnu.org/licenses/gpl.html>
| This is free software: you are free to change and redistribute it.
| There is NO WARRANTY, to the extent permitted by law.
configure:10376: checking for GNU make >= 4.0
configure:10380: result: yes
configure:10437: must determine absolute path for '$ac_cv_path_MAKE':
| /usr/bin/gmake
configure:10477: variable ac_cv_path_MAKE is set to:
| /usr/bin/gmake
configure:10484: looking for '^GNU Make (4\.[4-9]|[5-9]\.)' regexp in
configure:10489: version info for $ac_cv_path_MAKE:
| GNU Make 4.3
| Built for x86_64-pc-linux-gnu
| Copyright (C) 1988-2020 Free Software Foundation, Inc.
| License GPLv3+: GNU GPL version 3 or later <http://gnu.org/licenses/gpl.html>
| This is free software: you are free to change and redistribute it.
| There is NO WARRANTY, to the extent permitted by law.
configure:10586: checking for GNU make >= 4.4
configure:10593: result: no
configure:10717: checking for libtool
configure:10744: checking LIBTOOL at:
| /usr/bin/libtool
configure:10759: looking for '\(GNU libtool\) ([3-9]\.|2.[4-9]|2.[1-3][0-9])' regexp in
configure:10764: version info:
| libtool (GNU libtool) 2.4.7
| Written by Gordon Matzigkeit, 1996
| 
| Copyright (C) 2014 Free Software Foundation, Inc.
configure:10794: result: /usr/bin/libtool
configure:10797: checking for GNU libtool >= 2.4
configure:10801: result: yes
configure:10927: checking for libtoolize
configure:10954: checking LIBTOOLIZE at:
| /usr/bin/libtoolize
configure:10969: looking for '\(GNU libtool\) ([3-9]\.|2.[4-9]|2.[1-3][0-9])' regexp in
configure:10974: version info:
| libtoolize (GNU libtool) 2.4.7
| Written by Gary V. Vaughan <gary@gnu.org>, 2003
| 
| Copyright (C) 2022 Free Software Foundation, Inc.
configure:11004: result: /usr/bin/libtoolize
configure:11007: checking for GNU libtoolize >= 2.4
configure:11011: result: yes
configure:11068: must determine absolute path for '$ac_cv_path_AUTOCONF':
| ${SHELL} '/__w/FBNeo/FBNeo/crosstool-ng-repo/scripts/missing' autoconf
configure:11108: variable ac_cv_path_AUTOCONF is set to:
| ${SHELL} '/__w/FBNeo/FBNeo/crosstool-ng-repo/scripts/missing' autoconf
configure:11115: looking for '\(GNU Autoconf\) ([3-9]\.|2\.[7-9][0-9]|2\.6[5-9])' regexp in
configure:11120: version info for $ac_cv_path_AUTOCONF:
| autoconf (GNU Autoconf) 2.71
| Copyright (C) 2021 Free Software Foundation, Inc.
| License GPLv3+/Autoconf: GNU GPL version 3 or later
| <https://gnu.org/licenses/gpl.html>, <https://gnu.org/licenses/exceptions.html>
| This is free software: you are free to change and redistribute it.
| There is NO WARRANTY, to the extent permitted by law.
| 
| Written by David J. MacKenzie and Akim Demaille.
configure:11217: checking for GNU autoconf >= 2.65
configure:11221: result: yes
configure:11342: checking for autoreconf
configure:11369: checking AUTORECONF at:
| /usr/bin/autoreconf
configure:11384: looking for '\(GNU Autoconf\) ([3-9]\.|2\.[7-9][0-9]|2\.6[5-9])' regexp in
configure:11389: version info:
| autoreconf (GNU Autoconf) 2.71
| Copyright (C) 2021 Free Software Foundation, Inc.
| License GPLv3+/Autoconf: GNU GPL version 3 or later
| <https://gnu.org/licenses/gpl.html>, <https://gnu.org/licenses/exceptions.html>
| This is free software: you are free to change and redistribute it.
| There is NO WARRANTY, to the extent permitted by law.
| 
| Written by David J. MacKenzie and Akim Demaille.
configure:11419: result: /usr/bin/autoreconf
configure:11422: checking for GNU autoreconf >= 2.63
configure:11426: result: yes
configure:11478: must determine absolute path for '$ac_cv_path_AUTOMAKE':
| ${SHELL} '/__w/FBNeo/FBNeo/crosstool-ng-repo/scripts/missing' automake-1.16
configure:11518: variable ac_cv_path_AUTOMAKE is set to:
| ${SHELL} '/__w/FBNeo/FBNeo/crosstool-ng-repo/scripts/missing' automake-1.16
configure:11525: looking for '\(GNU automake\) ([2-9]\.|1\.[2-9][0-9]|1\.1[5-9])' regexp in
configure:11530: version info for $ac_cv_path_AUTOMAKE:
| automake (GNU automake) 1.16.5
| Copyright (C) 2021 Free Software Foundation, Inc.
| License GPLv2+: GNU GPL version 2 or later <https://gnu.org/licenses/gpl-2.0.html>
| This is free software: you are free to change and redistribute it.
| There is NO WARRANTY, to the extent permitted by law.
| 
| Written by Tom Tromey <tromey@redhat.com>
|        and Alexandre Duret-Lutz <adl@gnu.org>.
configure:11627: checking for GNU automake >= 1.15
configure:11631: result: yes
configure:11752: checking for m4
configure:11779: checking M4 at:
| /usr/bin/m4
configure:11794: looking for '\(GNU M4\) ([2-9]\.|1\.[5-9]|1\.[1-4][0-9]|1\.4\.[2-9][0-9]|1\.4\.1[2-9])' regexp in
configure:11799: version info:
| m4 (GNU M4) 1.4.19
| Copyright (C) 2021 Free Software Foundation, Inc.
| License GPLv3+: GNU GPL version 3 or later <https://gnu.org/licenses/gpl.html>.
| This is free software: you are free to change and redistribute it.
| There is NO WARRANTY, to the extent permitted by law.
| 
| Written by Rene' Seindal.
configure:11829: result: /usr/bin/m4
configure:11832: checking for GNU m4 >= 1.4.12
configure:11836: result: yes
configure:11866: checking for python build information
configure:11868: result: 
configure:11875: checking for python3.13
configure:11913: result: no
configure:11925: checking for python3.13
configure:11960: result: no
configure:11875: checking for python3.12
configure:11913: result: no
configure:11925: checking for python3.12
configure:11960: result: no
configure:11875: checking for python3.11
configure:11898: found /usr/bin/python3.11
configure:11910: result: /usr/bin/python3.11
configure:11925: checking for python3.11
configure:11946: found /usr/bin/python3.11
configure:11957: result: python3.11
configure:11972: checking for main in -lpython3.11
configure:11992: gcc -o conftest -g -O2   conftest.c -lpython3.11   >&5
/usr/bin/ld: cannot find -lpython3.11: No such file or directory
collect2: error: ld returned 1 exit status
configure:11992: $? = 1
configure: failed program was:
| /* confdefs.h */
| #define PACKAGE_NAME "crosstool-NG"
| #define PACKAGE_TARNAME "crosstool-ng"
| #define PACKAGE_VERSION "1.27.0.18_7458341"
| #define PACKAGE_STRING "crosstool-NG 1.27.0.18_7458341"
| #define PACKAGE_BUGREPORT "crossgcc@sourceware.org"
| #define PACKAGE_URL "http://crosstool-ng.org"
| #define PACKAGE "crosstool-ng"
| #define VERSION "1.27.0.18_7458341"
| #define YYTEXT_POINTER 1
| #define HAVE_CXX11 1
| /* end confdefs.h.  */
| 
| 
| int
| main (void)
| {
| return main ();
|   ;
|   return 0;
| }
configure:12003: result: no
configure:12014: checking for main in -lpython3.11m
configure:12034: gcc -o conftest -g -O2   conftest.c -lpython3.11m   >&5
/usr/bin/ld: cannot find -lpython3.11m: No such file or directory
collect2: error: ld returned 1 exit status
configure:12034: $? = 1
configure: failed program was:
| /* confdefs.h */
| #define PACKAGE_NAME "crosstool-NG"
| #define PACKAGE_TARNAME "crosstool-ng"
| #define PACKAGE_VERSION "1.27.0.18_7458341"
| #define PACKAGE_STRING "crosstool-NG 1.27.0.18_7458341"
| #define PACKAGE_BUGREPORT "crossgcc@sourceware.org"
| #define PACKAGE_URL "http://crosstool-ng.org"
| #define PACKAGE "crosstool-ng"
| #define VERSION "1.27.0.18_7458341"
| #define YYTEXT_POINTER 1
| #define HAVE_CXX11 1
| /* end confdefs.h.  */
| 
| 
| int
| main (void)
| {
| return main ();
|   ;
|   return 0;
| }
configure:12045: result: no
configure:11875: checking for python3.10
configure:11910: result: /usr/bin/python3.11
configure:11925: checking for python3.10
configure:11957: result: python3.11
configure:11972: checking for main in -lpython3.11
configure:12003: result: no
configure:12014: checking for main in -lpython3.11m
configure:12045: result: no
configure:11875: checking for python3.9
configure:11910: result: /usr/bin/python3.11
configure:11925: checking for python3.9
configure:11957: result: python3.11
configure:11972: checking for main in -lpython3.11
configure:12003: result: no
configure:12014: checking for main in -lpython3.11m
configure:12045: result: no
configure:11875: checking for python3.8
configure:11910: result: /usr/bin/python3.11
configure:11925: checking for python3.8
configure:11957: result: python3.11
configure:11972: checking for main in -lpython3.11
configure:12003: result: no
configure:12014: checking for main in -lpython3.11m
configure:12045: result: no
configure:11875: checking for python3.7
configure:11910: result: /usr/bin/python3.11
configure:11925: checking for python3.7
configure:11957: result: python3.11
configure:11972: checking for main in -lpython3.11
configure:12003: result: no
configure:12014: checking for main in -lpython3.11m
configure:12045: result: no
configure:11875: checking for python3.6
configure:11910: result: /usr/bin/python3.11
configure:11925: checking for python3.6
configure:11957: result: python3.11
configure:11972: checking for main in -lpython3.11
configure:12003: result: no
configure:12014: checking for main in -lpython3.11m
configure:12045: result: no
configure:11875: checking for python3.5
configure:11910: result: /usr/bin/python3.11
configure:11925: checking for python3.5
configure:11957: result: python3.11
configure:11972: checking for main in -lpython3.11
configure:12003: result: no
configure:12014: checking for main in -lpython3.11m
configure:12045: result: no
configure:11875: checking for python3.4
configure:11910: result: /usr/bin/python3.11
configure:11925: checking for python3.4
configure:11957: result: python3.11
configure:11972: checking for main in -lpython3.11
configure:12003: result: no
configure:12014: checking for main in -lpython3.11m
configure:12045: result: no
configure:11875: checking for python3.3
configure:11910: result: /usr/bin/python3.11
configure:11925: checking for python3.3
configure:11957: result: python3.11
configure:11972: checking for main in -lpython3.11
configure:12003: result: no
configure:12014: checking for main in -lpython3.11m
configure:12045: result: no
configure:11875: checking for python3.2
configure:11910: result: /usr/bin/python3.11
configure:11925: checking for python3.2
configure:11957: result: python3.11
configure:11972: checking for main in -lpython3.11
configure:12003: result: no
configure:12014: checking for main in -lpython3.11m
configure:12045: result: no
configure:11875: checking for python3.1
configure:11910: result: /usr/bin/python3.11
configure:11925: checking for python3.1
configure:11957: result: python3.11
configure:11972: checking for main in -lpython3.11
configure:12003: result: no
configure:12014: checking for main in -lpython3.11m
configure:12045: result: no
configure:11875: checking for python3.0
configure:11910: result: /usr/bin/python3.11
configure:11925: checking for python3.0
configure:11957: result: python3.11
configure:11972: checking for main in -lpython3.11
configure:12003: result: no
configure:12014: checking for main in -lpython3.11m
configure:12045: result: no
configure:11875: checking for python2.7
configure:11910: result: /usr/bin/python3.11
configure:11925: checking for python2.7
configure:11957: result: python3.11
configure:11972: checking for main in -lpython3.11
configure:12003: result: no
configure:12014: checking for main in -lpython3.11m
configure:12045: result: no
configure:11875: checking for python2.6
configure:11910: result: /usr/bin/python3.11
configure:11925: checking for python2.6
configure:11957: result: python3.11
configure:11972: checking for main in -lpython3.11
configure:12003: result: no
configure:12014: checking for main in -lpython3.11m
configure:12045: result: no
configure:11875: checking for python2.5
configure:11910: result: /usr/bin/python3.11
configure:11925: checking for python2.5
configure:11957: result: python3.11
configure:11972: checking for main in -lpython3.11
configure:12003: result: no
configure:12014: checking for main in -lpython3.11m
configure:12045: result: no
configure:11875: checking for python2.4
configure:11910: result: /usr/bin/python3.11
configure:11925: checking for python2.4
configure:11957: result: python3.11
configure:11972: checking for main in -lpython3.11
configure:12003: result: no
configure:12014: checking for main in -lpython3.11m
configure:12045: result: no
configure:11875: checking for python2.3
configure:11910: result: /usr/bin/python3.11
configure:11925: checking for python2.3
configure:11957: result: python3.11
configure:11972: checking for main in -lpython3.11
configure:12003: result: no
configure:12014: checking for main in -lpython3.11m
configure:12045: result: no
configure:11875: checking for python2.2
configure:11910: result: /usr/bin/python3.11
configure:11925: checking for python2.2
configure:11957: result: python3.11
configure:11972: checking for main in -lpython3.11
configure:12003: result: no
configure:12014: checking for main in -lpython3.11m
configure:12045: result: no
configure:11875: checking for python2.1
configure:11910: result: /usr/bin/python3.11
configure:11925: checking for python2.1
configure:11957: result: python3.11
configure:11972: checking for main in -lpython3.11
configure:12003: result: no
configure:12014: checking for main in -lpython3.11m
configure:12045: result: no
configure:11875: checking for python
configure:11910: result: /usr/bin/python3.11
configure:11925: checking for python
configure:11957: result: python3.11
configure:11972: checking for main in -lpython3.11
configure:12003: result: no
configure:12014: checking for main in -lpython3.11m
configure:12045: result: no
configure:12096: result:   results of the Python check:
configure:12098: result:     Binary:      /usr/bin/python3.11
configure:12100: result:     Library:     no
configure:12102: result:     Include Dir: no
configure:12120: checking for python version greater than 3.4
configure:12138: result: yes: 3.11
configure:12239: checking for bison
configure:12266: checking BISON at:
| /usr/bin/bison
configure:12281: looking for '\(GNU Bison\) (2\.[7-9]|2\.[1-9][0-9]|[3-9]\.)' regexp in
configure:12286: version info:
| bison (GNU Bison) 3.8.2
| Written by Robert Corbett and Richard Stallman.
| 
| Copyright (C) 2021 Free Software Foundation, Inc.
| This is free software; see the source for copying conditions.  There is NO
| warranty; not even for MERCHANTABILITY or FITNESS FOR A PARTICULAR PURPOSE.
configure:12316: result: /usr/bin/bison
configure:12319: checking for bison >= 2.7
configure:12323: result: yes
configure:12380: must determine absolute path for '$ac_cv_path_BISON':
| /usr/bin/bison
configure:12420: variable ac_cv_path_BISON is set to:
| /usr/bin/bison
configure:12427: looking for '\(GNU Bison\) (3\.0\.[4-9]|3\.[1-9]|[4-9]\.)' regexp in
configure:12432: version info for $ac_cv_path_BISON:
| bison (GNU Bison) 3.8.2
| Written by Robert Corbett and Richard Stallman.
| 
| Copyright (C) 2021 Free Software Foundation, Inc.
| This is free software; see the source for copying conditions.  There is NO
| warranty; not even for MERCHANTABILITY or FITNESS FOR A PARTICULAR PURPOSE.
configure:12529: checking for bison >= 3.0.4
configure:12533: result: yes
configure:12572: checking for dtc
configure:12607: result: no
configure:12629: checking for cvs
configure:12664: result: no
configure:12686: checking for svn
configure:12721: result: no
configure:12743: checking for git
configure:12764: found /usr/bin/git
configure:12775: result: git
configure:12801: checking for gmd5sum
configure:12839: result: no
configure:12801: checking for md5sum
configure:12824: found /usr/bin/md5sum
configure:12836: result: /usr/bin/md5sum
configure:12851: checking for gsha1sum
configure:12889: result: no
configure:12851: checking for sha1sum
configure:12874: found /usr/bin/sha1sum
configure:12886: result: /usr/bin/sha1sum
configure:12901: checking for gsha256sum
configure:12939: result: no
configure:12901: checking for sha256sum
configure:12924: found /usr/bin/sha256sum
configure:12936: result: /usr/bin/sha256sum
configure:12951: checking for gsha512sum
configure:12989: result: no
configure:12951: checking for sha512sum
configure:12974: found /usr/bin/sha512sum
configure:12986: result: /usr/bin/sha512sum
configure:13035: checking for inline
configure:13052: gcc -c -g -O2  conftest.c >&5
configure:13052: $? = 0
configure:13061: result: inline
configure:13079: checking for GNU libc compatible malloc
configure:13111: gcc -o conftest -g -O2   conftest.c  >&5
configure:13111: $? = 0
configure:13111: ./conftest
configure:13111: $? = 0
configure:13122: result: yes
configure:13144: checking for GNU libc compatible realloc
configure:13176: gcc -o conftest -g -O2   conftest.c  >&5
configure:13176: $? = 0
configure:13176: ./conftest
configure:13176: $? = 0
configure:13187: result: yes
configure:13213: checking for stdio.h
configure:13213: gcc -c -g -O2  conftest.c >&5
configure:13213: $? = 0
configure:13213: result: yes
configure:13213: checking for stdlib.h
configure:13213: gcc -c -g -O2  conftest.c >&5
configure:13213: $? = 0
configure:13213: result: yes
configure:13213: checking for string.h
configure:13213: gcc -c -g -O2  conftest.c >&5
configure:13213: $? = 0
configure:13213: result: yes
configure:13213: checking for inttypes.h
configure:13213: gcc -c -g -O2  conftest.c >&5
configure:13213: $? = 0
configure:13213: result: yes
configure:13213: checking for stdint.h
configure:13213: gcc -c -g -O2  conftest.c >&5
configure:13213: $? = 0
configure:13213: result: yes
configure:13213: checking for strings.h
configure:13213: gcc -c -g -O2  conftest.c >&5
configure:13213: $? = 0
configure:13213: result: yes
configure:13213: checking for sys/stat.h
configure:13213: gcc -c -g -O2  conftest.c >&5
configure:13213: $? = 0
configure:13213: result: yes
configure:13213: checking for sys/types.h
configure:13213: gcc -c -g -O2  conftest.c >&5
configure:13213: $? = 0
configure:13213: result: yes
configure:13213: checking for unistd.h
configure:13213: gcc -c -g -O2  conftest.c >&5
configure:13213: $? = 0
configure:13213: result: yes
configure:13238: checking for size_t
configure:13238: gcc -c -g -O2  conftest.c >&5
configure:13238: $? = 0
configure:13238: gcc -c -g -O2  conftest.c >&5
conftest.c: In function 'main':
conftest.c:56:21: error: expected expression before ')' token
   56 | if (sizeof ((size_t)))
      |                     ^
configure:13238: $? = 1
configure: failed program was:
| /* confdefs.h */
| #define PACKAGE_NAME "crosstool-NG"
| #define PACKAGE_TARNAME "crosstool-ng"
| #define PACKAGE_VERSION "1.27.0.18_7458341"
| #define PACKAGE_STRING "crosstool-NG 1.27.0.18_7458341"
| #define PACKAGE_BUGREPORT "crossgcc@sourceware.org"
| #define PACKAGE_URL "http://crosstool-ng.org"
| #define PACKAGE "crosstool-ng"
| #define VERSION "1.27.0.18_7458341"
| #define YYTEXT_POINTER 1
| #define HAVE_CXX11 1
| #define HAVE_MALLOC 1
| #define HAVE_REALLOC 1
| #define HAVE_STDIO_H 1
| #define HAVE_STDLIB_H 1
| #define HAVE_STRING_H 1
| #define HAVE_INTTYPES_H 1
| #define HAVE_STDINT_H 1
| #define HAVE_STRINGS_H 1
| #define HAVE_SYS_STAT_H 1
| #define HAVE_SYS_TYPES_H 1
| #define HAVE_UNISTD_H 1
| #define STDC_HEADERS 1
| /* end confdefs.h.  */
| #include <stddef.h>
| #ifdef HAVE_STDIO_H
| # include <stdio.h>
| #endif
| #ifdef HAVE_STDLIB_H
| # include <stdlib.h>
| #endif
| #ifdef HAVE_STRING_H
| # include <string.h>
| #endif
| #ifdef HAVE_INTTYPES_H
| # include <inttypes.h>
| #endif
| #ifdef HAVE_STDINT_H
| # include <stdint.h>
| #endif
| #ifdef HAVE_STRINGS_H
| # include <strings.h>
| #endif
| #ifdef HAVE_SYS_TYPES_H
| # include <sys/types.h>
| #endif
| #ifdef HAVE_SYS_STAT_H
| # include <sys/stat.h>
| #endif
| #ifdef HAVE_UNISTD_H
| # include <unistd.h>
| #endif
| int
| main (void)
| {
| if (sizeof ((size_t)))
| 	    return 0;
|   ;
|   return 0;
| }
configure:13238: result: yes
configure:13250: checking for working alloca.h
configure:13268: gcc -o conftest -g -O2   conftest.c  >&5
configure:13268: $? = 0
configure:13277: result: yes
configure:13285: checking for alloca
configure:13330: result: yes
configure:13442: checking for ld used by gcc
configure:13570: result: /usr/bin/ld
configure:13577: checking if the linker (/usr/bin/ld) is GNU ld
configure:13593: result: yes
configure:13601: checking for shared library run path origin
configure:13615: result: done
configure:13637: checking 32-bit host C ABI
configure:13704: gcc -c -g -O2  conftest.c >&5
configure:13704: $? = 0
configure:13900: result: no
configure:13910: checking for ELF binary format
configure:13934: result: yes
configure:13983: checking for the common suffixes of directories in the library search path
configure:14052: result: lib,lib,lib64
configure:14548: checking whether NLS is requested
configure:14558: result: yes
configure:14585: checking for CFPreferencesCopyAppValue
configure:14604: gcc -o conftest -g -O2   conftest.c  -Wl,-framework -Wl,CoreFoundation >&5
conftest.c:27:10: fatal error: CoreFoundation/CFPreferences.h: No such file or directory
   27 | #include <CoreFoundation/CFPreferences.h>
      |          ^~~~~~~~~~~~~~~~~~~~~~~~~~~~~~~~
compilation terminated.
configure:14604: $? = 1
configure: failed program was:
| /* confdefs.h */
| #define PACKAGE_NAME "crosstool-NG"
| #define PACKAGE_TARNAME "crosstool-ng"
| #define PACKAGE_VERSION "1.27.0.18_7458341"
| #define PACKAGE_STRING "crosstool-NG 1.27.0.18_7458341"
| #define PACKAGE_BUGREPORT "crossgcc@sourceware.org"
| #define PACKAGE_URL "http://crosstool-ng.org"
| #define PACKAGE "crosstool-ng"
| #define VERSION "1.27.0.18_7458341"
| #define YYTEXT_POINTER 1
| #define HAVE_CXX11 1
| #define HAVE_MALLOC 1
| #define HAVE_REALLOC 1
| #define HAVE_STDIO_H 1
| #define HAVE_STDLIB_H 1
| #define HAVE_STRING_H 1
| #define HAVE_INTTYPES_H 1
| #define HAVE_STDINT_H 1
| #define HAVE_STRINGS_H 1
| #define HAVE_SYS_STAT_H 1
| #define HAVE_SYS_TYPES_H 1
| #define HAVE_UNISTD_H 1
| #define STDC_HEADERS 1
| #define HAVE_ALLOCA_H 1
| #define HAVE_ALLOCA 1
| /* end confdefs.h.  */
| #include <CoreFoundation/CFPreferences.h>
| int
| main (void)
| {
| CFPreferencesCopyAppValue(NULL, NULL)
|   ;
|   return 0;
| }
configure:14614: result: no
configure:14621: checking for CFLocaleCopyPreferredLanguages
configure:14640: gcc -o conftest -g -O2   conftest.c  -Wl,-framework -Wl,CoreFoundation >&5
conftest.c:27:10: fatal error: CoreFoundation/CFLocale.h: No such file or directory
   27 | #include <CoreFoundation/CFLocale.h>
      |          ^~~~~~~~~~~~~~~~~~~~~~~~~~~
compilation terminated.
configure:14640: $? = 1
configure: failed program was:
| /* confdefs.h */
| #define PACKAGE_NAME "crosstool-NG"
| #define PACKAGE_TARNAME "crosstool-ng"
| #define PACKAGE_VERSION "1.27.0.18_7458341"
| #define PACKAGE_STRING "crosstool-NG 1.27.0.18_7458341"
| #define PACKAGE_BUGREPORT "crossgcc@sourceware.org"
| #define PACKAGE_URL "http://crosstool-ng.org"
| #define PACKAGE "crosstool-ng"
| #define VERSION "1.27.0.18_7458341"
| #define YYTEXT_POINTER 1
| #define HAVE_CXX11 1
| #define HAVE_MALLOC 1
| #define HAVE_REALLOC 1
| #define HAVE_STDIO_H 1
| #define HAVE_STDLIB_H 1
| #define HAVE_STRING_H 1
| #define HAVE_INTTYPES_H 1
| #define HAVE_STDINT_H 1
| #define HAVE_STRINGS_H 1
| #define HAVE_SYS_STAT_H 1
| #define HAVE_SYS_TYPES_H 1
| #define HAVE_UNISTD_H 1
| #define STDC_HEADERS 1
| #define HAVE_ALLOCA_H 1
| #define HAVE_ALLOCA 1
| /* end confdefs.h.  */
| #include <CoreFoundation/CFLocale.h>
| int
| main (void)
| {
| CFLocaleCopyPreferredLanguages();
|   ;
|   return 0;
| }
configure:14650: result: no
configure:14700: checking for GNU gettext in libc
configure:14730: gcc -o conftest -g -O2   conftest.c  >&5
configure:14730: $? = 0
configure:14740: result: yes
configure:15631: checking whether to use NLS
configure:15633: result: yes
configure:15636: checking where the gettext function comes from
configure:15647: result: libc
configure:15768: checking for pkg-config
configure:15791: found /usr/bin/pkg-config
configure:15803: result: /usr/bin/pkg-config
configure:15828: checking pkg-config is at least version 0.9.0
configure:15831: result: yes
configure:15878: checking for ncursesw via pkg-config
configure:15887: $PKG_CONFIG --exists --print-errors "ncursesw"
configure:15890: $? = 0
configure:15904: $PKG_CONFIG --exists --print-errors "ncursesw"
configure:15907: $? = 0
configure:16036: result: yes
configure:16067: checking for working ncursesw/curses.h
configure:16101: gcc -o conftest -g -O2  -D_DEFAULT_SOURCE -D_XOPEN_SOURCE=600   conftest.c  -lncursesw -ltinfo  >&5
configure:16101: $? = 0
configure:16111: result: yes
configure:16134: checking for working ncursesw.h
configure:16168: gcc -o conftest -g -O2  -D_DEFAULT_SOURCE -D_XOPEN_SOURCE=600   conftest.c  -lncursesw -ltinfo  >&5
conftest.c:38:34: fatal error: ncursesw.h: No such file or directory
   38 |                         #include <ncursesw.h>
      |                                  ^~~~~~~~~~~~
compilation terminated.
configure:16168: $? = 1
configure: failed program was:
| /* confdefs.h */
| #define PACKAGE_NAME "crosstool-NG"
| #define PACKAGE_TARNAME "crosstool-ng"
| #define PACKAGE_VERSION "1.27.0.18_7458341"
| #define PACKAGE_STRING "crosstool-NG 1.27.0.18_7458341"
| #define PACKAGE_BUGREPORT "crossgcc@sourceware.org"
| #define PACKAGE_URL "http://crosstool-ng.org"
| #define PACKAGE "crosstool-ng"
| #define VERSION "1.27.0.18_7458341"
| #define YYTEXT_POINTER 1
| #define HAVE_CXX11 1
| #define HAVE_MALLOC 1
| #define HAVE_REALLOC 1
| #define HAVE_STDIO_H 1
| #define HAVE_STDLIB_H 1
| #define HAVE_STRING_H 1
| #define HAVE_INTTYPES_H 1
| #define HAVE_STDINT_H 1
| #define HAVE_STRINGS_H 1
| #define HAVE_SYS_STAT_H 1
| #define HAVE_SYS_TYPES_H 1
| #define HAVE_UNISTD_H 1
| #define STDC_HEADERS 1
| #define HAVE_ALLOCA_H 1
| #define HAVE_ALLOCA 1
| #define ENABLE_NLS 1
| #define HAVE_GETTEXT 1
| #define HAVE_DCGETTEXT 1
| #define HAVE_NCURSESW 1
| #define HAVE_CURSES 1
| #define HAVE_CURSES_ENHANCED 1
| #define HAVE_CURSES_COLOR 1
| #define HAVE_CURSES_OBSOLETE 1
| #define HAVE_NCURSESW_CURSES_H 1
| /* end confdefs.h.  */
| 
|                         #define _XOPEN_SOURCE_EXTENDED 1
|                         #include <ncursesw.h>
| 
| int
| main (void)
| {
| 
|                         chtype a = A_BOLD;
|                         int b = KEY_LEFT;
|                         chtype c = COLOR_PAIR(1) & A_COLOR;
|                         attr_t d = WA_NORMAL;
|                         cchar_t e;
|                         wint_t f;
|                         int g = getattrs(stdscr);
|                         int h = getcurx(stdscr) + getmaxx(stdscr);
|                         initscr();
|                         init_pair(1, COLOR_WHITE, COLOR_RED);
|                         wattr_set(stdscr, d, 0, NULL);
|                         wget_wch(stdscr, &f);
| 
|   ;
|   return 0;
| }
configure:16178: result: no
configure:16201: checking for working ncurses.h
configure:16235: gcc -o conftest -g -O2  -D_DEFAULT_SOURCE -D_XOPEN_SOURCE=600   conftest.c  -lncursesw -ltinfo  >&5
configure:16235: $? = 0
configure:16245: result: yes
configure:17014: checking for Curses Panel library with ncursesw/panel.h
configure:17039: gcc -o conftest -g -O2  -D_DEFAULT_SOURCE -D_XOPEN_SOURCE=600   conftest.c  -lpanelw -lncursesw -ltinfo  >&5
configure:17039: $? = 0
configure:17049: result: yes
configure:17489: checking for Curses Menu library with ncursesw/menu.h
configure:17514: gcc -o conftest -g -O2  -D_DEFAULT_SOURCE -D_XOPEN_SOURCE=600   conftest.c  -lmenuw -lncursesw -ltinfo  >&5
configure:17514: $? = 0
configure:17524: result: yes
configure:17874: checking for build time
configure:17890: result: Sun Mar  2 18:21:38 2025
configure:17903: checking if the manual needs to be installed
configure:17909: result: no
configure:18017: checking that generated files are newer than configure
configure:18023: result: done
configure:18062: creating ./config.status

## ---------------------- ##
## Running config.status. ##
## ---------------------- ##

This file was extended by crosstool-NG config.status 1.27.0.18_7458341, which was
generated by GNU Autoconf 2.71.  Invocation command line was

  CONFIG_FILES    = 
  CONFIG_HEADERS  = 
  CONFIG_LINKS    = 
  CONFIG_COMMANDS = 
  $ ./config.status 

on ca0a4a64d54e

config.status:1004: creating Makefile
config.status:1004: creating paths.sh
config.status:1004: creating kconfig/Makefile
config.status:1004: creating config/configure.in
config.status:1004: creating config.h
config.status:1233: executing depfiles commands
config.status:1310: cd kconfig       && sed -e '/# am--include-marker/d' Makefile         | /usr/bin/gmake -f - am--depfiles
config.status:1315: $? = 0

## ---------------- ##
## Cache variables. ##
## ---------------- ##

ac_cv_build=x86_64-pc-linux-gnu
ac_cv_c_compiler_gnu=yes
ac_cv_c_inline=inline
ac_cv_cxx_compiler_gnu=yes
ac_cv_env_AUTOCONF_set=
ac_cv_env_AUTOCONF_value=
ac_cv_env_AUTOMAKE_set=
ac_cv_env_AUTOMAKE_value=
ac_cv_env_AUTORECONF_set=
ac_cv_env_AUTORECONF_value=
ac_cv_env_AWK_set=
ac_cv_env_AWK_value=
ac_cv_env_BASH_SHELL_set=
ac_cv_env_BASH_SHELL_value=
ac_cv_env_BISON_set=
ac_cv_env_BISON_value=
ac_cv_env_CCC_set=
ac_cv_env_CCC_value=
ac_cv_env_CC_set=
ac_cv_env_CC_value=
ac_cv_env_CFLAGS_set=
ac_cv_env_CFLAGS_value=
ac_cv_env_CPPFLAGS_set=
ac_cv_env_CPPFLAGS_value=
ac_cv_env_CPP_set=
ac_cv_env_CPP_value=
ac_cv_env_CURSES_CFLAGS_set=
ac_cv_env_CURSES_CFLAGS_value=
ac_cv_env_CURSES_LIBS_set=
ac_cv_env_CURSES_LIBS_value=
ac_cv_env_CXXFLAGS_set=
ac_cv_env_CXXFLAGS_value=
ac_cv_env_CXX_set=
ac_cv_env_CXX_value=
ac_cv_env_EGREP_set=
ac_cv_env_EGREP_value=
ac_cv_env_GREP_set=
ac_cv_env_GREP_value=
ac_cv_env_INSTALL_set=
ac_cv_env_INSTALL_value=
ac_cv_env_LDFLAGS_set=
ac_cv_env_LDFLAGS_value=
ac_cv_env_LIBS_set=
ac_cv_env_LIBS_value=
ac_cv_env_LIBTOOLIZE_set=
ac_cv_env_LIBTOOLIZE_value=
ac_cv_env_LIBTOOL_set=
ac_cv_env_LIBTOOL_value=
ac_cv_env_M4_set=
ac_cv_env_M4_value=
ac_cv_env_MAKE_set=
ac_cv_env_MAKE_value=
ac_cv_env_MENU_LIBS_set=
ac_cv_env_MENU_LIBS_value=
ac_cv_env_OBJCOPY_set=
ac_cv_env_OBJCOPY_value=
ac_cv_env_OBJDUMP_set=
ac_cv_env_OBJDUMP_value=
ac_cv_env_PANEL_LIBS_set=
ac_cv_env_PANEL_LIBS_value=
ac_cv_env_PATCH_set=
ac_cv_env_PATCH_value=
ac_cv_env_PKG_CONFIG_LIBDIR_set=
ac_cv_env_PKG_CONFIG_LIBDIR_value=
ac_cv_env_PKG_CONFIG_PATH_set=
ac_cv_env_PKG_CONFIG_PATH_value=
ac_cv_env_PKG_CONFIG_set=
ac_cv_env_PKG_CONFIG_value=
ac_cv_env_READELF_set=
ac_cv_env_READELF_value=
ac_cv_env_SED_set=
ac_cv_env_SED_value=
ac_cv_env_YACC_set=
ac_cv_env_YACC_value=
ac_cv_env_YFLAGS_set=
ac_cv_env_YFLAGS_value=
ac_cv_env_build_alias_set=
ac_cv_env_build_alias_value=
ac_cv_env_host_alias_set=
ac_cv_env_host_alias_value=
ac_cv_env_target_alias_set=
ac_cv_env_target_alias_value=
ac_cv_func_alloca_works=yes
ac_cv_func_malloc_0_nonnull=yes
ac_cv_func_realloc_0_nonnull=yes
ac_cv_header_inttypes_h=yes
ac_cv_header_stdint_h=yes
ac_cv_header_stdio_h=yes
ac_cv_header_stdlib_h=yes
ac_cv_header_string_h=yes
ac_cv_header_strings_h=yes
ac_cv_header_sys_stat_h=yes
ac_cv_header_sys_types_h=yes
ac_cv_header_unistd_h=yes
ac_cv_host=x86_64-pc-linux-gnu
ac_cv_lib_lex='none needed'
ac_cv_lib_python3_11_main=no
ac_cv_lib_python3_11m_main=no
ac_cv_objext=o
ac_cv_path_AUTOCONF='${SHELL} '\''/__w/FBNeo/FBNeo/crosstool-ng-repo/scripts/missing'\'' autoconf'
ac_cv_path_AUTOMAKE='${SHELL} '\''/__w/FBNeo/FBNeo/crosstool-ng-repo/scripts/missing'\'' automake-1.16'
ac_cv_path_AUTORECONF=/usr/bin/autoreconf
ac_cv_path_AWK=/usr/bin/gawk
ac_cv_path_BASH_SHELL=/usr/bin/bash
ac_cv_path_BISON=/usr/bin/bison
ac_cv_path_EGREP='/usr/bin/grep -E'
ac_cv_path_GREP=/usr/bin/grep
ac_cv_path_LIBTOOL=/usr/bin/libtool
ac_cv_path_LIBTOOLIZE=/usr/bin/libtoolize
ac_cv_path_M4=/usr/bin/m4
ac_cv_path_MAKE=/usr/bin/gmake
ac_cv_path_PYTHON_BIN=/usr/bin/python3.11
ac_cv_path_SED=/usr/bin/sed
ac_cv_path_ac_pt_PKG_CONFIG=/usr/bin/pkg-config
ac_cv_path_install='/usr/bin/install -c'
ac_cv_path_md5sum=/usr/bin/md5sum
ac_cv_path_mkdir=/usr/bin/mkdir
ac_cv_path_sha1sum=/usr/bin/sha1sum
ac_cv_path_sha256sum=/usr/bin/sha256sum
ac_cv_path_sha512sum=/usr/bin/sha512sum
ac_cv_prog_AWK=gawk
ac_cv_prog_CPP='gcc -E'
ac_cv_prog_LEX=flex
ac_cv_prog_PYTHON_BIN_=python3.11
ac_cv_prog_YACC='bison -y'
ac_cv_prog_ac_ct_CC=gcc
ac_cv_prog_ac_ct_CXX=g++
ac_cv_prog_ac_ct_EGREP=egrep
ac_cv_prog_ac_ct_GREP=grep
ac_cv_prog_ac_ct_OBJCOPY=objcopy
ac_cv_prog_ac_ct_OBJDUMP=objdump
ac_cv_prog_ac_ct_PATCH=patch
ac_cv_prog_ac_ct_RANLIB=ranlib
ac_cv_prog_ac_ct_READELF=readelf
ac_cv_prog_bzip2=bzip2
ac_cv_prog_cc_c11=
ac_cv_prog_cc_g=yes
ac_cv_prog_cc_stdc=
ac_cv_prog_curl=curl
ac_cv_prog_cut=cut
ac_cv_prog_cxx_cxx11=
ac_cv_prog_cxx_g=yes
ac_cv_prog_cxx_stdcxx=
ac_cv_prog_file=file
ac_cv_prog_flex=flex
ac_cv_prog_git=git
ac_cv_prog_gzip=gzip
ac_cv_prog_help2man=help2man
ac_cv_prog_lex_root=lex.yy
ac_cv_prog_lex_yytext_pointer=yes
ac_cv_prog_make_make_set=yes
ac_cv_prog_makeinfo=makeinfo
ac_cv_prog_readlink=readlink
ac_cv_prog_tar=tar
ac_cv_prog_unzip=unzip
ac_cv_prog_which=which
ac_cv_prog_xz=xz
ac_cv_type_size_t=yes
ac_cv_working_alloca_h=yes
acl_cv_libdirstems=lib,lib,lib64
acl_cv_path_LD=/usr/bin/ld
acl_cv_prog_gnu_ld=yes
acl_cv_rpath=done
am_cv_CC_dependencies_compiler_type=gcc3
am_cv_CXX_dependencies_compiler_type=gcc3
am_cv_make_support_nested_variables=yes
am_cv_prog_cc_c_o=yes
am_cv_prog_tar_pax=gnutar
ax_cv_curses=yes
ax_cv_curses_color=yes
ax_cv_curses_enhanced=yes
ax_cv_curses_obsolete=yes
ax_cv_curses_which=ncursesw
ax_cv_cxx_compile_cxx11=yes
ax_cv_header_ncurses_h_with_ncursesw=yes
ax_cv_header_ncursesw_curses_h=yes
ax_cv_header_ncursesw_h=no
ax_cv_header_ncursesw_menu_h=yes
ax_cv_header_ncursesw_panel_h=yes
ax_cv_menu=yes
ax_cv_ncursesw=yes
ax_cv_panel=yes
ax_cv_prog_bison=yes
ctng_cv_cpu_count='getconf _NPROCESSORS_ONLN'
ctng_cv_install_with_strip_program=yes
gl_cv_elf=yes
gl_cv_host_cpu_c_abi_32bit=no
gt_cv_func_CFLocaleCopyPreferredLanguages=no
gt_cv_func_CFPreferencesCopyAppValue=no
gt_cv_func_gnugettext1_libc=yes

## ----------------- ##
## Output variables. ##
## ----------------- ##

ACLOCAL='${SHELL} '\''/__w/FBNeo/FBNeo/crosstool-ng-repo/scripts/missing'\'' aclocal-1.16'
ALLOCA=''
AMDEPBACKSLASH='\'
AMDEP_FALSE='#'
AMDEP_TRUE=''
AMTAR='$${TAR-tar}'
AM_BACKSLASH='\'
AM_DEFAULT_V='$(AM_DEFAULT_VERBOSITY)'
AM_DEFAULT_VERBOSITY='0'
AM_V='$(V)'
AUTOCONF='${SHELL} '\''/__w/FBNeo/FBNeo/crosstool-ng-repo/scripts/missing'\'' autoconf'
AUTOHEADER='${SHELL} '\''/__w/FBNeo/FBNeo/crosstool-ng-repo/scripts/missing'\'' autoheader'
AUTOMAKE='${SHELL} '\''/__w/FBNeo/FBNeo/crosstool-ng-repo/scripts/missing'\'' automake-1.16'
AUTORECONF='/usr/bin/autoreconf'
AWK='/usr/bin/gawk'
BASH_COMPLETION_DIR='${datadir}/bash-completion/completions'
BASH_SHELL='/usr/bin/bash'
BISON='/usr/bin/bison'
CC='gcc'
CCDEPMODE='depmode=gcc3'
CFLAGS='-g -O2'
CPP='gcc -E'
CPPFLAGS=''
CPU_COUNT='getconf _NPROCESSORS_ONLN'
CSCOPE='cscope'
CTAGS='ctags'
CURSES_CFLAGS='-D_DEFAULT_SOURCE -D_XOPEN_SOURCE=600 '
CURSES_LIBS='-lncursesw -ltinfo '
CXX='g++'
CXXDEPMODE='depmode=gcc3'
CXXFLAGS='-g -O2'
CYGPATH_W='echo'
DATE='Sun Mar  2 18:21:38 2025'
DEFS='-DHAVE_CONFIG_H'
DEPDIR='.deps'
ECHO_C=''
ECHO_N='-n'
ECHO_T=''
EGREP='/usr/bin/grep -E'
ETAGS='etags'
EXEEXT=''
GREP='/usr/bin/grep'
HAVE_CXX11='1'
INSTALL='/usr/bin/install -c'
INSTALL_BASH_COMPLETION_FALSE='#'
INSTALL_BASH_COMPLETION_TRUE=''
INSTALL_DATA='${INSTALL} -m 644'
INSTALL_PROGRAM='${INSTALL}'
INSTALL_SCRIPT='${INSTALL}'
INSTALL_STRIP_PROGRAM='$(install_sh) -c -s'
INSTALL_USER_MANUAL_FALSE=''
INSTALL_USER_MANUAL_TRUE='#'
INTLLIBS=''
INTL_MACOSX_LIBS=''
KCONFIG_=''
KCONFIG_autoconf_2_65_or_newer='def_bool y'
KCONFIG_automake_1_15_or_newer='def_bool y'
KCONFIG_autoreconf_2_65_or_newer='def_bool y'
KCONFIG_bison_2_7_or_newer='def_bool y'
KCONFIG_bison_3_0_4_or_newer='def_bool y'
KCONFIG_curl='def_bool y'
KCONFIG_cvs='bool'
KCONFIG_dtc='bool'
KCONFIG_git='def_bool y'
KCONFIG_gnu_m4_1_4_12_or_newer='def_bool y'
KCONFIG_has_cxx11='def_bool y'
KCONFIG_install_with_strip_program='def_bool y'
KCONFIG_libtool_2_4_or_newer='def_bool y'
KCONFIG_libtoolize_2_4_or_newer='def_bool y'
KCONFIG_lzip='bool'
KCONFIG_make_3_81_or_newer='def_bool y'
KCONFIG_make_4_0_or_newer='def_bool y'
KCONFIG_make_4_4_or_newer='bool'
KCONFIG_md5sum='def_bool y'
KCONFIG_meson='bool'
KCONFIG_ninja='bool'
KCONFIG_python='def_bool y'
KCONFIG_python_3_4_or_newer='def_bool y'
KCONFIG_sha1sum='def_bool y'
KCONFIG_sha256sum='def_bool y'
KCONFIG_sha512sum='def_bool y'
KCONFIG_static_link='def_bool y'
KCONFIG_svn='bool'
KCONFIG_wget='bool'
LDFLAGS=''
LEX='flex'
LEXLIB=''
LEX_OUTPUT_ROOT='lex.yy'
LIBICONV='-liconv'
LIBINTL=''
LIBOBJS=''
LIBS=''
LIBTOOL='/usr/bin/libtool'
LIBTOOLIZE='/usr/bin/libtoolize'
LN_S='ln -s'
LTLIBICONV='-liconv'
LTLIBINTL=''
LTLIBOBJS=''
M4='/usr/bin/m4'
MAINT=''
MAINTAINER_MODE_FALSE='#'
MAINTAINER_MODE_TRUE=''
MAKE='/usr/bin/gmake'
MAKEINFO='${SHELL} '\''/__w/FBNeo/FBNeo/crosstool-ng-repo/scripts/missing'\'' makeinfo'
MENU_LIBS='-lmenuw'
MKDIR_P='/usr/bin/mkdir -p'
OBJCOPY='/usr/bin/objcopy'
OBJDUMP='/usr/bin/objdump'
OBJEXT='o'
PACKAGE='crosstool-ng'
PACKAGE_BUGREPORT='crossgcc@sourceware.org'
PACKAGE_NAME='crosstool-NG'
PACKAGE_STRING='crosstool-NG 1.27.0.18_7458341'
PACKAGE_TARNAME='crosstool-ng'
PACKAGE_URL='http://crosstool-ng.org'
PACKAGE_VERSION='1.27.0.18_7458341'
PANEL_LIBS='-lpanelw'
PATCH='/usr/bin/patch'
PATH_SEPARATOR=':'
PKG_CONFIG='/usr/bin/pkg-config'
PKG_CONFIG_LIBDIR=''
PKG_CONFIG_PATH=''
POSUB='po'
PYTHON_BIN='/usr/bin/python3.11'
PYTHON_BIN_='python3.11'
PYTHON_INCLUDE_DIR=''
PYTHON_LIB=''
RANLIB='ranlib'
READELF='/usr/bin/readelf'
SED='/usr/bin/sed'
SET_MAKE=''
SHELL='/bin/bash'
STRIP=''
USE_NLS='yes'
VERSION='1.27.0.18_7458341'
YACC='bison -o y.tab.c'
YFLAGS=''
ac_ct_CC='gcc'
ac_ct_CXX='g++'
ac_ct_EGREP='egrep'
ac_ct_GREP='grep'
ac_ct_OBJCOPY='objcopy'
ac_ct_OBJDUMP='objdump'
ac_ct_PATCH='patch'
ac_ct_READELF='readelf'
am__EXEEXT_FALSE=''
am__EXEEXT_TRUE='#'
am__fastdepCC_FALSE='#'
am__fastdepCC_TRUE=''
am__fastdepCXX_FALSE='#'
am__fastdepCXX_TRUE=''
am__include='include'
am__isrc=''
am__leading_dot='.'
am__nodep='_no'
am__quote=''
am__tar='tar --format=posix -chf - "$$tardir"'
am__untar='tar -xf -'
bindir='${exec_prefix}/bin'
build='x86_64-pc-linux-gnu'
build_alias=''
build_cpu='x86_64'
build_os='linux-gnu'
build_vendor='pc'
bzip2='bzip2'
curl='curl'
cut='cut'
cvs=''
datadir='${datarootdir}'
datarootdir='${prefix}/share'
docdir='${datarootdir}/doc/${PACKAGE_TARNAME}'
dtc=''
dvidir='${docdir}'
enable_local='yes'
exec_prefix='${prefix}'
file='file'
flex='flex'
git='git'
gzip='gzip'
help2man='help2man'
host='x86_64-pc-linux-gnu'
host_alias=''
host_cpu='x86_64'
host_os='linux-gnu'
host_vendor='pc'
htmldir='${docdir}'
includedir='${prefix}/include'
infodir='${datarootdir}/info'
install_sh='${SHELL} /__w/FBNeo/FBNeo/crosstool-ng-repo/scripts/install-sh'
kconfig_options=''
libdir='${exec_prefix}/lib'
libexecdir='${exec_prefix}/libexec'
localedir='${datarootdir}/locale'
localstatedir='${prefix}/var'
lzip=''
makeinfo='makeinfo'
mandir='${datarootdir}/man'
md5sum='/usr/bin/md5sum'
meson=''
mkdir_p='$(MKDIR_P)'
ninja=''
oldincludedir='/usr/include'
pdfdir='${docdir}'
prefix='/usr/local'
program_transform_name='s,x,x,'
psdir='${docdir}'
readlink='readlink'
runstatedir='${localstatedir}/run'
sbindir='${exec_prefix}/sbin'
sha1sum='/usr/bin/sha1sum'
sha256sum='/usr/bin/sha256sum'
sha512sum='/usr/bin/sha512sum'
sharedstatedir='${prefix}/com'
svn=''
sysconfdir='${prefix}/etc'
tar='tar'
target_alias=''
unzip='unzip'
wget=''
which='which'
xz='xz'

## ----------- ##
## confdefs.h. ##
## ----------- ##

/* confdefs.h */
#define PACKAGE_NAME "crosstool-NG"
#define PACKAGE_TARNAME "crosstool-ng"
#define PACKAGE_VERSION "1.27.0.18_7458341"
#define PACKAGE_STRING "crosstool-NG 1.27.0.18_7458341"
#define PACKAGE_BUGREPORT "crossgcc@sourceware.org"
#define PACKAGE_URL "http://crosstool-ng.org"
#define PACKAGE "crosstool-ng"
#define VERSION "1.27.0.18_7458341"
#define YYTEXT_POINTER 1
#define HAVE_CXX11 1
#define HAVE_MALLOC 1
#define HAVE_REALLOC 1
#define HAVE_STDIO_H 1
#define HAVE_STDLIB_H 1
#define HAVE_STRING_H 1
#define HAVE_INTTYPES_H 1
#define HAVE_STDINT_H 1
#define HAVE_STRINGS_H 1
#define HAVE_SYS_STAT_H 1
#define HAVE_SYS_TYPES_H 1
#define HAVE_UNISTD_H 1
#define STDC_HEADERS 1
#define HAVE_ALLOCA_H 1
#define HAVE_ALLOCA 1
#define ENABLE_NLS 1
#define HAVE_GETTEXT 1
#define HAVE_DCGETTEXT 1
#define HAVE_NCURSESW 1
#define HAVE_CURSES 1
#define HAVE_CURSES_ENHANCED 1
#define HAVE_CURSES_COLOR 1
#define HAVE_CURSES_OBSOLETE 1
#define HAVE_NCURSESW_CURSES_H 1
#define HAVE_CURSES_ENHANCED 1
#define HAVE_CURSES_COLOR 1
#define HAVE_CURSES_OBSOLETE 1
#define HAVE_NCURSES_H 1
#define HAVE_PANEL 1
#define HAVE_NCURSESW_PANEL_H 1
#define HAVE_MENU 1
#define HAVE_NCURSESW_MENU_H 1

configure: exit 0



## ---------------------- ##
## Running config.status. ##
## ---------------------- ##

This file was extended by crosstool-NG config.status 1.27.0.18_7458341, which was
generated by GNU Autoconf 2.71.  Invocation command line was

  CONFIG_FILES    = 
  CONFIG_HEADERS  = 
  CONFIG_LINKS    = 
  CONFIG_COMMANDS = 
  $ config.status --file=-

on ca0a4a64d54e

## ---------------------- ##
## Running config.status. ##
## ---------------------- ##

This file was extended by crosstool-NG config.status 1.27.0.18_7458341, which was
generated by GNU Autoconf 2.71.  Invocation command line was

  CONFIG_FILES    = 
  CONFIG_HEADERS  = 
  CONFIG_LINKS    = 
  CONFIG_COMMANDS = 
  $ config.status --file=-

on ca0a4a64d54e

## ---------------------- ##
## Running config.status. ##
## ---------------------- ##

This file was extended by crosstool-NG config.status 1.27.0.18_7458341, which was
generated by GNU Autoconf 2.71.  Invocation command line was

  CONFIG_FILES    = 
  CONFIG_HEADERS  = 
  CONFIG_LINKS    = 
  CONFIG_COMMANDS = 
  $ config.status --file=-

on ca0a4a64d54e

